{"C:\\Users\\LENOVO\\PHASE3\\final-project\\final-project\\app.js": {"path":"C:\\Users\\LENOVO\\PHASE3\\final-project\\final-project\\app.js","statementMap":{"0":{"start":{"line":1,"column":0},"end":{"line":1,"column":27}},"1":{"start":{"line":2,"column":16},"end":{"line":2,"column":34}},"2":{"start":{"line":3,"column":12},"end":{"line":3,"column":21}},"3":{"start":{"line":4,"column":13},"end":{"line":4,"column":28}},"4":{"start":{"line":5,"column":13},"end":{"line":5,"column":17}},"5":{"start":{"line":6,"column":21},"end":{"line":6,"column":58}},"6":{"start":{"line":7,"column":15},"end":{"line":7,"column":40}},"7":{"start":{"line":9,"column":0},"end":{"line":9,"column":49}},"8":{"start":{"line":10,"column":0},"end":{"line":10,"column":24}},"9":{"start":{"line":11,"column":0},"end":{"line":11,"column":16}},"10":{"start":{"line":13,"column":0},"end":{"line":13,"column":21}},"11":{"start":{"line":14,"column":0},"end":{"line":14,"column":22}},"12":{"start":{"line":20,"column":0},"end":{"line":20,"column":21}}},"fnMap":{},"branchMap":{},"s":{"0":2,"1":2,"2":2,"3":2,"4":2,"5":2,"6":2,"7":2,"8":2,"9":2,"10":2,"11":2,"12":2},"f":{},"b":{},"_coverageSchema":"1a1c01bbd47fc00a2c39e90264f33305004495a9","hash":"0bd8ae16eed9aa5a19cbf92062b98817a90af8b5"}
,"C:\\Users\\LENOVO\\PHASE3\\final-project\\final-project\\controllers\\Controller.js": {"path":"C:\\Users\\LENOVO\\PHASE3\\final-project\\final-project\\controllers\\Controller.js","statementMap":{"0":{"start":{"line":1,"column":27},"end":{"line":1,"column":47}},"1":{"start":{"line":2,"column":15},"end":{"line":2,"column":34}},"2":{"start":{"line":3,"column":12},"end":{"line":3,"column":35}},"3":{"start":{"line":8,"column":30},"end":{"line":8,"column":38}},"4":{"start":{"line":9,"column":4},"end":{"line":42,"column":8}},"5":{"start":{"line":15,"column":8},"end":{"line":38,"column":9}},"6":{"start":{"line":16,"column":10},"end":{"line":18,"column":11}},"7":{"start":{"line":21,"column":32},"end":{"line":21,"column":75}},"8":{"start":{"line":22,"column":10},"end":{"line":37,"column":11}},"9":{"start":{"line":23,"column":12},"end":{"line":25,"column":13}},"10":{"start":{"line":27,"column":33},"end":{"line":30,"column":38}},"11":{"start":{"line":31,"column":12},"end":{"line":31,"column":37}},"12":{"start":{"line":32,"column":12},"end":{"line":36,"column":14}},"13":{"start":{"line":41,"column":8},"end":{"line":41,"column":17}},"14":{"start":{"line":46,"column":4},"end":{"line":52,"column":8}},"15":{"start":{"line":48,"column":8},"end":{"line":48,"column":34}},"16":{"start":{"line":51,"column":8},"end":{"line":51,"column":33}},"17":{"start":{"line":56,"column":4},"end":{"line":62,"column":9}},"18":{"start":{"line":58,"column":8},"end":{"line":58,"column":36}},"19":{"start":{"line":61,"column":8},"end":{"line":61,"column":18}},"20":{"start":{"line":66,"column":4},"end":{"line":81,"column":8}},"21":{"start":{"line":70,"column":8},"end":{"line":77,"column":9}},"22":{"start":{"line":71,"column":10},"end":{"line":71,"column":36}},"23":{"start":{"line":74,"column":10},"end":{"line":76,"column":11}},"24":{"start":{"line":80,"column":8},"end":{"line":80,"column":17}},"25":{"start":{"line":85,"column":46},"end":{"line":85,"column":54}},"26":{"start":{"line":86,"column":4},"end":{"line":100,"column":8}},"27":{"start":{"line":93,"column":8},"end":{"line":96,"column":10}},"28":{"start":{"line":99,"column":8},"end":{"line":99,"column":17}},"29":{"start":{"line":104,"column":19},"end":{"line":104,"column":29}},"30":{"start":{"line":105,"column":4},"end":{"line":117,"column":8}},"31":{"start":{"line":111,"column":8},"end":{"line":113,"column":10}},"32":{"start":{"line":116,"column":8},"end":{"line":116,"column":17}},"33":{"start":{"line":121,"column":0},"end":{"line":121,"column":27}}},"fnMap":{"0":{"name":"(anonymous_0)","decl":{"start":{"line":7,"column":2},"end":{"line":7,"column":3}},"loc":{"start":{"line":7,"column":31},"end":{"line":43,"column":3}},"line":7},"1":{"name":"(anonymous_1)","decl":{"start":{"line":14,"column":12},"end":{"line":14,"column":13}},"loc":{"start":{"line":14,"column":20},"end":{"line":39,"column":7}},"line":14},"2":{"name":"(anonymous_2)","decl":{"start":{"line":40,"column":13},"end":{"line":40,"column":14}},"loc":{"start":{"line":40,"column":20},"end":{"line":42,"column":7}},"line":40},"3":{"name":"(anonymous_3)","decl":{"start":{"line":45,"column":2},"end":{"line":45,"column":3}},"loc":{"start":{"line":45,"column":36},"end":{"line":53,"column":3}},"line":45},"4":{"name":"(anonymous_4)","decl":{"start":{"line":47,"column":12},"end":{"line":47,"column":13}},"loc":{"start":{"line":47,"column":20},"end":{"line":49,"column":7}},"line":47},"5":{"name":"(anonymous_5)","decl":{"start":{"line":50,"column":13},"end":{"line":50,"column":14}},"loc":{"start":{"line":50,"column":20},"end":{"line":52,"column":7}},"line":50},"6":{"name":"(anonymous_6)","decl":{"start":{"line":55,"column":2},"end":{"line":55,"column":3}},"loc":{"start":{"line":55,"column":34},"end":{"line":63,"column":3}},"line":55},"7":{"name":"(anonymous_7)","decl":{"start":{"line":57,"column":12},"end":{"line":57,"column":13}},"loc":{"start":{"line":57,"column":23},"end":{"line":59,"column":7}},"line":57},"8":{"name":"(anonymous_8)","decl":{"start":{"line":60,"column":13},"end":{"line":60,"column":14}},"loc":{"start":{"line":60,"column":22},"end":{"line":62,"column":7}},"line":60},"9":{"name":"(anonymous_9)","decl":{"start":{"line":65,"column":2},"end":{"line":65,"column":3}},"loc":{"start":{"line":65,"column":37},"end":{"line":82,"column":3}},"line":65},"10":{"name":"(anonymous_10)","decl":{"start":{"line":69,"column":12},"end":{"line":69,"column":13}},"loc":{"start":{"line":69,"column":20},"end":{"line":78,"column":7}},"line":69},"11":{"name":"(anonymous_11)","decl":{"start":{"line":79,"column":13},"end":{"line":79,"column":14}},"loc":{"start":{"line":79,"column":20},"end":{"line":81,"column":7}},"line":79},"12":{"name":"(anonymous_12)","decl":{"start":{"line":84,"column":2},"end":{"line":84,"column":3}},"loc":{"start":{"line":84,"column":36},"end":{"line":101,"column":3}},"line":84},"13":{"name":"(anonymous_13)","decl":{"start":{"line":92,"column":12},"end":{"line":92,"column":13}},"loc":{"start":{"line":92,"column":20},"end":{"line":97,"column":7}},"line":92},"14":{"name":"(anonymous_14)","decl":{"start":{"line":98,"column":13},"end":{"line":98,"column":14}},"loc":{"start":{"line":98,"column":20},"end":{"line":100,"column":7}},"line":98},"15":{"name":"(anonymous_15)","decl":{"start":{"line":103,"column":2},"end":{"line":103,"column":3}},"loc":{"start":{"line":103,"column":37},"end":{"line":118,"column":3}},"line":103},"16":{"name":"(anonymous_16)","decl":{"start":{"line":110,"column":12},"end":{"line":110,"column":13}},"loc":{"start":{"line":110,"column":17},"end":{"line":114,"column":7}},"line":110},"17":{"name":"(anonymous_17)","decl":{"start":{"line":115,"column":13},"end":{"line":115,"column":14}},"loc":{"start":{"line":115,"column":20},"end":{"line":117,"column":7}},"line":115}},"branchMap":{"0":{"loc":{"start":{"line":15,"column":8},"end":{"line":38,"column":9}},"type":"if","locations":[{"start":{"line":15,"column":8},"end":{"line":38,"column":9}},{"start":{"line":15,"column":8},"end":{"line":38,"column":9}}],"line":15},"1":{"loc":{"start":{"line":22,"column":10},"end":{"line":37,"column":11}},"type":"if","locations":[{"start":{"line":22,"column":10},"end":{"line":37,"column":11}},{"start":{"line":22,"column":10},"end":{"line":37,"column":11}}],"line":22},"2":{"loc":{"start":{"line":70,"column":8},"end":{"line":77,"column":9}},"type":"if","locations":[{"start":{"line":70,"column":8},"end":{"line":77,"column":9}},{"start":{"line":70,"column":8},"end":{"line":77,"column":9}}],"line":70}},"s":{"0":2,"1":2,"2":2,"3":3,"4":3,"5":3,"6":1,"7":2,"8":2,"9":1,"10":1,"11":1,"12":1,"13":2,"14":1,"15":1,"16":0,"17":1,"18":1,"19":0,"20":1,"21":1,"22":1,"23":0,"24":0,"25":2,"26":2,"27":1,"28":1,"29":1,"30":1,"31":1,"32":0,"33":2},"f":{"0":3,"1":3,"2":2,"3":1,"4":1,"5":0,"6":1,"7":1,"8":0,"9":1,"10":1,"11":0,"12":2,"13":1,"14":1,"15":1,"16":1,"17":0},"b":{"0":[1,2],"1":[1,1],"2":[1,0]},"_coverageSchema":"1a1c01bbd47fc00a2c39e90264f33305004495a9","hash":"9e266851d1d1c1ad53b4385c0086dd834b03c12c"}
,"C:\\Users\\LENOVO\\PHASE3\\final-project\\final-project\\middlewares\\authentication.js": {"path":"C:\\Users\\LENOVO\\PHASE3\\final-project\\final-project\\middlewares\\authentication.js","statementMap":{"0":{"start":{"line":1,"column":12},"end":{"line":1,"column":35}},"1":{"start":{"line":2,"column":17},"end":{"line":2,"column":37}},"2":{"start":{"line":5,"column":2},"end":{"line":32,"column":3}},"3":{"start":{"line":6,"column":4},"end":{"line":6,"column":47}},"4":{"start":{"line":9,"column":4},"end":{"line":31,"column":5}},"5":{"start":{"line":10,"column":20},"end":{"line":10,"column":80}},"6":{"start":{"line":11,"column":6},"end":{"line":27,"column":10}},"7":{"start":{"line":15,"column":10},"end":{"line":23,"column":11}},"8":{"start":{"line":16,"column":12},"end":{"line":16,"column":37}},"9":{"start":{"line":17,"column":12},"end":{"line":17,"column":18}},"10":{"start":{"line":20,"column":12},"end":{"line":22,"column":13}},"11":{"start":{"line":26,"column":10},"end":{"line":26,"column":19}},"12":{"start":{"line":30,"column":6},"end":{"line":30,"column":52}},"13":{"start":{"line":35,"column":0},"end":{"line":35,"column":31}}},"fnMap":{"0":{"name":"authentication","decl":{"start":{"line":4,"column":9},"end":{"line":4,"column":23}},"loc":{"start":{"line":4,"column":40},"end":{"line":33,"column":1}},"line":4},"1":{"name":"(anonymous_1)","decl":{"start":{"line":14,"column":14},"end":{"line":14,"column":15}},"loc":{"start":{"line":14,"column":22},"end":{"line":24,"column":9}},"line":14},"2":{"name":"(anonymous_2)","decl":{"start":{"line":25,"column":15},"end":{"line":25,"column":16}},"loc":{"start":{"line":25,"column":22},"end":{"line":27,"column":9}},"line":25}},"branchMap":{"0":{"loc":{"start":{"line":5,"column":2},"end":{"line":32,"column":3}},"type":"if","locations":[{"start":{"line":5,"column":2},"end":{"line":32,"column":3}},{"start":{"line":5,"column":2},"end":{"line":32,"column":3}}],"line":5},"1":{"loc":{"start":{"line":15,"column":10},"end":{"line":23,"column":11}},"type":"if","locations":[{"start":{"line":15,"column":10},"end":{"line":23,"column":11}},{"start":{"line":15,"column":10},"end":{"line":23,"column":11}}],"line":15}},"s":{"0":2,"1":2,"2":10,"3":3,"4":7,"5":7,"6":7,"7":7,"8":7,"9":7,"10":0,"11":0,"12":0,"13":2},"f":{"0":10,"1":7,"2":0},"b":{"0":[3,7],"1":[7,0]},"_coverageSchema":"1a1c01bbd47fc00a2c39e90264f33305004495a9","hash":"c864a7ece04283f3a33ee925cbc887c98266e3fe"}
,"C:\\Users\\LENOVO\\PHASE3\\final-project\\final-project\\middlewares\\authorization.js": {"path":"C:\\Users\\LENOVO\\PHASE3\\final-project\\final-project\\middlewares\\authorization.js","statementMap":{"0":{"start":{"line":1,"column":21},"end":{"line":1,"column":41}},"1":{"start":{"line":4,"column":13},"end":{"line":4,"column":26}},"2":{"start":{"line":5,"column":2},"end":{"line":25,"column":6}},"3":{"start":{"line":7,"column":6},"end":{"line":21,"column":7}},"4":{"start":{"line":8,"column":8},"end":{"line":10,"column":9}},"5":{"start":{"line":13,"column":8},"end":{"line":20,"column":9}},"6":{"start":{"line":14,"column":10},"end":{"line":14,"column":16}},"7":{"start":{"line":17,"column":10},"end":{"line":19,"column":11}},"8":{"start":{"line":24,"column":6},"end":{"line":24,"column":15}},"9":{"start":{"line":28,"column":0},"end":{"line":28,"column":30}}},"fnMap":{"0":{"name":"Authorization","decl":{"start":{"line":3,"column":9},"end":{"line":3,"column":22}},"loc":{"start":{"line":3,"column":39},"end":{"line":26,"column":1}},"line":3},"1":{"name":"(anonymous_1)","decl":{"start":{"line":6,"column":10},"end":{"line":6,"column":11}},"loc":{"start":{"line":6,"column":18},"end":{"line":22,"column":5}},"line":6},"2":{"name":"(anonymous_2)","decl":{"start":{"line":23,"column":11},"end":{"line":23,"column":12}},"loc":{"start":{"line":23,"column":16},"end":{"line":25,"column":5}},"line":23}},"branchMap":{"0":{"loc":{"start":{"line":7,"column":6},"end":{"line":21,"column":7}},"type":"if","locations":[{"start":{"line":7,"column":6},"end":{"line":21,"column":7}},{"start":{"line":7,"column":6},"end":{"line":21,"column":7}}],"line":7},"1":{"loc":{"start":{"line":13,"column":8},"end":{"line":20,"column":9}},"type":"if","locations":[{"start":{"line":13,"column":8},"end":{"line":20,"column":9}},{"start":{"line":13,"column":8},"end":{"line":20,"column":9}}],"line":13}},"s":{"0":2,"1":3,"2":3,"3":3,"4":2,"5":1,"6":1,"7":0,"8":2,"9":2},"f":{"0":3,"1":3,"2":2},"b":{"0":[2,1],"1":[1,0]},"_coverageSchema":"1a1c01bbd47fc00a2c39e90264f33305004495a9","hash":"7eb33d0c0d6d288ad4bf57972b670944d459eddb"}
,"C:\\Users\\LENOVO\\PHASE3\\final-project\\final-project\\middlewares\\errorHandler.js": {"path":"C:\\Users\\LENOVO\\PHASE3\\final-project\\final-project\\middlewares\\errorHandler.js","statementMap":{"0":{"start":{"line":2,"column":2},"end":{"line":11,"column":3}},"1":{"start":{"line":3,"column":4},"end":{"line":5,"column":6}},"2":{"start":{"line":7,"column":7},"end":{"line":11,"column":3}},"3":{"start":{"line":8,"column":4},"end":{"line":10,"column":6}},"4":{"start":{"line":14,"column":0},"end":{"line":14,"column":30}}},"fnMap":{"0":{"name":"errorHandler","decl":{"start":{"line":1,"column":9},"end":{"line":1,"column":21}},"loc":{"start":{"line":1,"column":37},"end":{"line":12,"column":1}},"line":1}},"branchMap":{"0":{"loc":{"start":{"line":2,"column":2},"end":{"line":11,"column":3}},"type":"if","locations":[{"start":{"line":2,"column":2},"end":{"line":11,"column":3}},{"start":{"line":2,"column":2},"end":{"line":11,"column":3}}],"line":2},"1":{"loc":{"start":{"line":7,"column":7},"end":{"line":11,"column":3}},"type":"if","locations":[{"start":{"line":7,"column":7},"end":{"line":11,"column":3}},{"start":{"line":7,"column":7},"end":{"line":11,"column":3}}],"line":7}},"s":{"0":0,"1":0,"2":0,"3":0,"4":2},"f":{"0":0},"b":{"0":[0,0],"1":[0,0]},"_coverageSchema":"1a1c01bbd47fc00a2c39e90264f33305004495a9","hash":"7293087a988f2cee6dd648c916d29336fcbeae5a"}
,"C:\\Users\\LENOVO\\PHASE3\\final-project\\final-project\\models\\index.js": {"path":"C:\\Users\\LENOVO\\PHASE3\\final-project\\final-project\\models\\index.js","statementMap":{"0":{"start":{"line":3,"column":11},"end":{"line":3,"column":24}},"1":{"start":{"line":4,"column":13},"end":{"line":4,"column":28}},"2":{"start":{"line":5,"column":18},"end":{"line":5,"column":38}},"3":{"start":{"line":6,"column":17},"end":{"line":6,"column":42}},"4":{"start":{"line":7,"column":12},"end":{"line":7,"column":49}},"5":{"start":{"line":8,"column":15},"end":{"line":8,"column":65}},"6":{"start":{"line":9,"column":11},"end":{"line":9,"column":13}},"7":{"start":{"line":12,"column":0},"end":{"line":16,"column":1}},"8":{"start":{"line":13,"column":2},"end":{"line":13,"column":74}},"9":{"start":{"line":15,"column":2},"end":{"line":15,"column":87}},"10":{"start":{"line":18,"column":0},"end":{"line":26,"column":5}},"11":{"start":{"line":21,"column":4},"end":{"line":21,"column":90}},"12":{"start":{"line":24,"column":18},"end":{"line":24,"column":85}},"13":{"start":{"line":25,"column":4},"end":{"line":25,"column":27}},"14":{"start":{"line":28,"column":0},"end":{"line":32,"column":3}},"15":{"start":{"line":29,"column":2},"end":{"line":31,"column":3}},"16":{"start":{"line":30,"column":4},"end":{"line":30,"column":32}},"17":{"start":{"line":34,"column":0},"end":{"line":34,"column":25}},"18":{"start":{"line":35,"column":0},"end":{"line":35,"column":25}},"19":{"start":{"line":37,"column":0},"end":{"line":37,"column":20}}},"fnMap":{"0":{"name":"(anonymous_0)","decl":{"start":{"line":20,"column":10},"end":{"line":20,"column":11}},"loc":{"start":{"line":20,"column":18},"end":{"line":22,"column":3}},"line":20},"1":{"name":"(anonymous_1)","decl":{"start":{"line":23,"column":11},"end":{"line":23,"column":12}},"loc":{"start":{"line":23,"column":19},"end":{"line":26,"column":3}},"line":23},"2":{"name":"(anonymous_2)","decl":{"start":{"line":28,"column":24},"end":{"line":28,"column":25}},"loc":{"start":{"line":28,"column":37},"end":{"line":32,"column":1}},"line":28}},"branchMap":{"0":{"loc":{"start":{"line":7,"column":12},"end":{"line":7,"column":49}},"type":"binary-expr","locations":[{"start":{"line":7,"column":12},"end":{"line":7,"column":32}},{"start":{"line":7,"column":36},"end":{"line":7,"column":49}}],"line":7},"1":{"loc":{"start":{"line":12,"column":0},"end":{"line":16,"column":1}},"type":"if","locations":[{"start":{"line":12,"column":0},"end":{"line":16,"column":1}},{"start":{"line":12,"column":0},"end":{"line":16,"column":1}}],"line":12},"2":{"loc":{"start":{"line":21,"column":11},"end":{"line":21,"column":89}},"type":"binary-expr","locations":[{"start":{"line":21,"column":12},"end":{"line":21,"column":35}},{"start":{"line":21,"column":41},"end":{"line":21,"column":58}},{"start":{"line":21,"column":64},"end":{"line":21,"column":88}}],"line":21},"3":{"loc":{"start":{"line":29,"column":2},"end":{"line":31,"column":3}},"type":"if","locations":[{"start":{"line":29,"column":2},"end":{"line":31,"column":3}},{"start":{"line":29,"column":2},"end":{"line":31,"column":3}}],"line":29}},"s":{"0":2,"1":2,"2":2,"3":2,"4":2,"5":2,"6":2,"7":2,"8":0,"9":2,"10":2,"11":6,"12":4,"13":4,"14":2,"15":4,"16":4,"17":2,"18":2,"19":2},"f":{"0":6,"1":4,"2":4},"b":{"0":[2,0],"1":[0,2],"2":[6,6,4],"3":[4,0]},"_coverageSchema":"1a1c01bbd47fc00a2c39e90264f33305004495a9","hash":"c0c308c16cb439377b2f69aef0e7ddf9af3b07b9"}
,"C:\\Users\\LENOVO\\PHASE3\\final-project\\final-project\\models\\user.js": {"path":"C:\\Users\\LENOVO\\PHASE3\\final-project\\final-project\\models\\user.js","statementMap":{"0":{"start":{"line":2,"column":15},"end":{"line":2,"column":34}},"1":{"start":{"line":3,"column":18},"end":{"line":3,"column":38}},"2":{"start":{"line":4,"column":0},"end":{"line":39,"column":2}},"3":{"start":{"line":13,"column":6},"end":{"line":13,"column":36}},"4":{"start":{"line":16,"column":2},"end":{"line":37,"column":4}},"5":{"start":{"line":32,"column":21},"end":{"line":32,"column":43}},"6":{"start":{"line":33,"column":10},"end":{"line":33,"column":62}},"7":{"start":{"line":38,"column":2},"end":{"line":38,"column":14}}},"fnMap":{"0":{"name":"(anonymous_0)","decl":{"start":{"line":4,"column":17},"end":{"line":4,"column":18}},"loc":{"start":{"line":4,"column":43},"end":{"line":39,"column":1}},"line":4},"1":{"name":"(anonymous_1)","decl":{"start":{"line":11,"column":4},"end":{"line":11,"column":5}},"loc":{"start":{"line":11,"column":29},"end":{"line":14,"column":5}},"line":11},"2":{"name":"(anonymous_2)","decl":{"start":{"line":31,"column":8},"end":{"line":31,"column":9}},"loc":{"start":{"line":31,"column":27},"end":{"line":34,"column":9}},"line":31}},"branchMap":{},"s":{"0":2,"1":2,"2":2,"3":2,"4":2,"5":3,"6":3,"7":2},"f":{"0":2,"1":2,"2":3},"b":{},"_coverageSchema":"1a1c01bbd47fc00a2c39e90264f33305004495a9","hash":"cdf55f39124b7ec6768686c1ab8ea8a93aec3946"}
,"C:\\Users\\LENOVO\\PHASE3\\final-project\\final-project\\models\\userpost.js": {"path":"C:\\Users\\LENOVO\\PHASE3\\final-project\\final-project\\models\\userpost.js","statementMap":{"0":{"start":{"line":2,"column":18},"end":{"line":2,"column":38}},"1":{"start":{"line":3,"column":0},"end":{"line":43,"column":2}},"2":{"start":{"line":12,"column":6},"end":{"line":12,"column":38}},"3":{"start":{"line":15,"column":2},"end":{"line":41,"column":4}},"4":{"start":{"line":42,"column":2},"end":{"line":42,"column":18}}},"fnMap":{"0":{"name":"(anonymous_0)","decl":{"start":{"line":3,"column":17},"end":{"line":3,"column":18}},"loc":{"start":{"line":3,"column":43},"end":{"line":43,"column":1}},"line":3},"1":{"name":"(anonymous_1)","decl":{"start":{"line":10,"column":4},"end":{"line":10,"column":5}},"loc":{"start":{"line":10,"column":29},"end":{"line":13,"column":5}},"line":10}},"branchMap":{},"s":{"0":2,"1":2,"2":2,"3":2,"4":2},"f":{"0":2,"1":2},"b":{},"_coverageSchema":"1a1c01bbd47fc00a2c39e90264f33305004495a9","hash":"2ade2e758fa7d8a73fb90b53448430561c8ff31c"}
,"C:\\Users\\LENOVO\\PHASE3\\final-project\\final-project\\routes\\index.js": {"path":"C:\\Users\\LENOVO\\PHASE3\\final-project\\final-project\\routes\\index.js","statementMap":{"0":{"start":{"line":1,"column":15},"end":{"line":1,"column":42}},"1":{"start":{"line":2,"column":19},"end":{"line":2,"column":55}},"2":{"start":{"line":3,"column":23},"end":{"line":3,"column":63}},"3":{"start":{"line":4,"column":22},"end":{"line":4,"column":61}},"4":{"start":{"line":6,"column":0},"end":{"line":6,"column":39}},"5":{"start":{"line":7,"column":0},"end":{"line":7,"column":43}},"6":{"start":{"line":9,"column":0},"end":{"line":9,"column":57}},"7":{"start":{"line":10,"column":0},"end":{"line":10,"column":64}},"8":{"start":{"line":11,"column":0},"end":{"line":11,"column":60}},"9":{"start":{"line":12,"column":0},"end":{"line":12,"column":82}},"10":{"start":{"line":17,"column":0},"end":{"line":17,"column":23}}},"fnMap":{},"branchMap":{},"s":{"0":2,"1":2,"2":2,"3":2,"4":2,"5":2,"6":2,"7":2,"8":2,"9":2,"10":2},"f":{},"b":{},"_coverageSchema":"1a1c01bbd47fc00a2c39e90264f33305004495a9","hash":"29df155dd254f9d30219068bf36e385a87eeb5c6"}
}
