{"D:\\Phase-3\\final-project\\final-project\\app.js": {"path":"D:\\Phase-3\\final-project\\final-project\\app.js","statementMap":{"0":{"start":{"line":1,"column":0},"end":{"line":1,"column":27}},"1":{"start":{"line":2,"column":16},"end":{"line":2,"column":34}},"2":{"start":{"line":3,"column":12},"end":{"line":3,"column":21}},"3":{"start":{"line":4,"column":13},"end":{"line":4,"column":28}},"4":{"start":{"line":5,"column":13},"end":{"line":5,"column":17}},"5":{"start":{"line":6,"column":21},"end":{"line":6,"column":58}},"6":{"start":{"line":7,"column":15},"end":{"line":7,"column":40}},"7":{"start":{"line":9,"column":0},"end":{"line":9,"column":49}},"8":{"start":{"line":10,"column":0},"end":{"line":10,"column":24}},"9":{"start":{"line":11,"column":0},"end":{"line":11,"column":16}},"10":{"start":{"line":13,"column":0},"end":{"line":13,"column":21}},"11":{"start":{"line":14,"column":0},"end":{"line":14,"column":22}},"12":{"start":{"line":20,"column":0},"end":{"line":20,"column":21}}},"fnMap":{},"branchMap":{},"s":{"0":2,"1":2,"2":2,"3":2,"4":2,"5":2,"6":2,"7":2,"8":2,"9":2,"10":2,"11":2,"12":2},"f":{},"b":{},"_coverageSchema":"1a1c01bbd47fc00a2c39e90264f33305004495a9","hash":"c5cc1179060bc6d0fb93ebd1a51809cf01255c50"}
,"D:\\Phase-3\\final-project\\final-project\\controllers\\Controller.js": {"path":"D:\\Phase-3\\final-project\\final-project\\controllers\\Controller.js","statementMap":{"0":{"start":{"line":1,"column":27},"end":{"line":1,"column":47}},"1":{"start":{"line":2,"column":15},"end":{"line":2,"column":34}},"2":{"start":{"line":3,"column":12},"end":{"line":3,"column":35}},"3":{"start":{"line":8,"column":30},"end":{"line":8,"column":38}},"4":{"start":{"line":9,"column":4},"end":{"line":46,"column":8}},"5":{"start":{"line":15,"column":8},"end":{"line":15,"column":25}},"6":{"start":{"line":16,"column":8},"end":{"line":42,"column":9}},"7":{"start":{"line":17,"column":10},"end":{"line":17,"column":28}},"8":{"start":{"line":18,"column":10},"end":{"line":20,"column":11}},"9":{"start":{"line":23,"column":10},"end":{"line":23,"column":30}},"10":{"start":{"line":24,"column":32},"end":{"line":24,"column":75}},"11":{"start":{"line":25,"column":10},"end":{"line":41,"column":11}},"12":{"start":{"line":26,"column":12},"end":{"line":28,"column":13}},"13":{"start":{"line":30,"column":12},"end":{"line":30,"column":36}},"14":{"start":{"line":31,"column":33},"end":{"line":34,"column":38}},"15":{"start":{"line":35,"column":12},"end":{"line":35,"column":37}},"16":{"start":{"line":36,"column":12},"end":{"line":40,"column":14}},"17":{"start":{"line":45,"column":8},"end":{"line":45,"column":17}},"18":{"start":{"line":50,"column":4},"end":{"line":53,"column":8}},"19":{"start":{"line":52,"column":8},"end":{"line":52,"column":34}},"20":{"start":{"line":57,"column":4},"end":{"line":61,"column":8}},"21":{"start":{"line":59,"column":8},"end":{"line":59,"column":26}},"22":{"start":{"line":60,"column":8},"end":{"line":60,"column":36}},"23":{"start":{"line":65,"column":4},"end":{"line":80,"column":8}},"24":{"start":{"line":69,"column":8},"end":{"line":76,"column":9}},"25":{"start":{"line":70,"column":10},"end":{"line":70,"column":36}},"26":{"start":{"line":73,"column":10},"end":{"line":75,"column":11}},"27":{"start":{"line":79,"column":8},"end":{"line":79,"column":17}},"28":{"start":{"line":84,"column":46},"end":{"line":84,"column":54}},"29":{"start":{"line":85,"column":4},"end":{"line":100,"column":8}},"30":{"start":{"line":92,"column":8},"end":{"line":95,"column":10}},"31":{"start":{"line":98,"column":8},"end":{"line":98,"column":42}},"32":{"start":{"line":99,"column":8},"end":{"line":99,"column":17}},"33":{"start":{"line":104,"column":19},"end":{"line":104,"column":29}},"34":{"start":{"line":105,"column":4},"end":{"line":117,"column":8}},"35":{"start":{"line":111,"column":8},"end":{"line":113,"column":10}},"36":{"start":{"line":116,"column":8},"end":{"line":116,"column":33}},"37":{"start":{"line":121,"column":0},"end":{"line":121,"column":27}}},"fnMap":{"0":{"name":"(anonymous_0)","decl":{"start":{"line":7,"column":2},"end":{"line":7,"column":3}},"loc":{"start":{"line":7,"column":31},"end":{"line":47,"column":3}},"line":7},"1":{"name":"(anonymous_1)","decl":{"start":{"line":14,"column":12},"end":{"line":14,"column":13}},"loc":{"start":{"line":14,"column":20},"end":{"line":43,"column":7}},"line":14},"2":{"name":"(anonymous_2)","decl":{"start":{"line":44,"column":13},"end":{"line":44,"column":14}},"loc":{"start":{"line":44,"column":20},"end":{"line":46,"column":7}},"line":44},"3":{"name":"(anonymous_3)","decl":{"start":{"line":49,"column":2},"end":{"line":49,"column":3}},"loc":{"start":{"line":49,"column":30},"end":{"line":54,"column":3}},"line":49},"4":{"name":"(anonymous_4)","decl":{"start":{"line":51,"column":12},"end":{"line":51,"column":13}},"loc":{"start":{"line":51,"column":20},"end":{"line":53,"column":7}},"line":51},"5":{"name":"(anonymous_5)","decl":{"start":{"line":56,"column":2},"end":{"line":56,"column":3}},"loc":{"start":{"line":56,"column":28},"end":{"line":62,"column":3}},"line":56},"6":{"name":"(anonymous_6)","decl":{"start":{"line":58,"column":12},"end":{"line":58,"column":13}},"loc":{"start":{"line":58,"column":23},"end":{"line":61,"column":7}},"line":58},"7":{"name":"(anonymous_7)","decl":{"start":{"line":64,"column":2},"end":{"line":64,"column":3}},"loc":{"start":{"line":64,"column":37},"end":{"line":81,"column":3}},"line":64},"8":{"name":"(anonymous_8)","decl":{"start":{"line":68,"column":12},"end":{"line":68,"column":13}},"loc":{"start":{"line":68,"column":20},"end":{"line":77,"column":7}},"line":68},"9":{"name":"(anonymous_9)","decl":{"start":{"line":78,"column":13},"end":{"line":78,"column":14}},"loc":{"start":{"line":78,"column":20},"end":{"line":80,"column":7}},"line":78},"10":{"name":"(anonymous_10)","decl":{"start":{"line":83,"column":2},"end":{"line":83,"column":3}},"loc":{"start":{"line":83,"column":36},"end":{"line":101,"column":3}},"line":83},"11":{"name":"(anonymous_11)","decl":{"start":{"line":91,"column":12},"end":{"line":91,"column":13}},"loc":{"start":{"line":91,"column":20},"end":{"line":96,"column":7}},"line":91},"12":{"name":"(anonymous_12)","decl":{"start":{"line":97,"column":13},"end":{"line":97,"column":14}},"loc":{"start":{"line":97,"column":20},"end":{"line":100,"column":7}},"line":97},"13":{"name":"(anonymous_13)","decl":{"start":{"line":103,"column":2},"end":{"line":103,"column":3}},"loc":{"start":{"line":103,"column":37},"end":{"line":118,"column":3}},"line":103},"14":{"name":"(anonymous_14)","decl":{"start":{"line":110,"column":12},"end":{"line":110,"column":13}},"loc":{"start":{"line":110,"column":17},"end":{"line":114,"column":7}},"line":110},"15":{"name":"(anonymous_15)","decl":{"start":{"line":115,"column":13},"end":{"line":115,"column":14}},"loc":{"start":{"line":115,"column":20},"end":{"line":117,"column":7}},"line":115}},"branchMap":{"0":{"loc":{"start":{"line":16,"column":8},"end":{"line":42,"column":9}},"type":"if","locations":[{"start":{"line":16,"column":8},"end":{"line":42,"column":9}},{"start":{"line":16,"column":8},"end":{"line":42,"column":9}}],"line":16},"1":{"loc":{"start":{"line":25,"column":10},"end":{"line":41,"column":11}},"type":"if","locations":[{"start":{"line":25,"column":10},"end":{"line":41,"column":11}},{"start":{"line":25,"column":10},"end":{"line":41,"column":11}}],"line":25},"2":{"loc":{"start":{"line":69,"column":8},"end":{"line":76,"column":9}},"type":"if","locations":[{"start":{"line":69,"column":8},"end":{"line":76,"column":9}},{"start":{"line":69,"column":8},"end":{"line":76,"column":9}}],"line":69}},"s":{"0":2,"1":2,"2":2,"3":3,"4":3,"5":3,"6":3,"7":1,"8":1,"9":2,"10":2,"11":2,"12":1,"13":1,"14":1,"15":1,"16":1,"17":2,"18":1,"19":1,"20":1,"21":1,"22":1,"23":1,"24":1,"25":1,"26":0,"27":0,"28":2,"29":2,"30":1,"31":1,"32":1,"33":1,"34":1,"35":1,"36":0,"37":2},"f":{"0":3,"1":3,"2":2,"3":1,"4":1,"5":1,"6":1,"7":1,"8":1,"9":0,"10":2,"11":1,"12":1,"13":1,"14":1,"15":0},"b":{"0":[1,2],"1":[1,1],"2":[1,0]},"_coverageSchema":"1a1c01bbd47fc00a2c39e90264f33305004495a9","hash":"fdec3b7d9edfbd08b6a6bf2049df6ca69a0323bc"}
,"D:\\Phase-3\\final-project\\final-project\\middlewares\\authentication.js": {"path":"D:\\Phase-3\\final-project\\final-project\\middlewares\\authentication.js","statementMap":{"0":{"start":{"line":1,"column":12},"end":{"line":1,"column":35}},"1":{"start":{"line":2,"column":17},"end":{"line":2,"column":37}},"2":{"start":{"line":6,"column":2},"end":{"line":32,"column":3}},"3":{"start":{"line":7,"column":4},"end":{"line":27,"column":5}},"4":{"start":{"line":8,"column":6},"end":{"line":10,"column":7}},"5":{"start":{"line":13,"column":20},"end":{"line":13,"column":80}},"6":{"start":{"line":14,"column":6},"end":{"line":26,"column":7}},"7":{"start":{"line":15,"column":25},"end":{"line":15,"column":56}},"8":{"start":{"line":16,"column":8},"end":{"line":22,"column":9}},"9":{"start":{"line":17,"column":10},"end":{"line":17,"column":35}},"10":{"start":{"line":18,"column":10},"end":{"line":18,"column":16}},"11":{"start":{"line":21,"column":10},"end":{"line":21,"column":19}},"12":{"start":{"line":25,"column":8},"end":{"line":25,"column":17}},"13":{"start":{"line":30,"column":4},"end":{"line":30,"column":20}},"14":{"start":{"line":31,"column":4},"end":{"line":31,"column":13}},"15":{"start":{"line":36,"column":0},"end":{"line":36,"column":31}}},"fnMap":{"0":{"name":"authentication","decl":{"start":{"line":4,"column":15},"end":{"line":4,"column":29}},"loc":{"start":{"line":4,"column":46},"end":{"line":34,"column":1}},"line":4}},"branchMap":{"0":{"loc":{"start":{"line":7,"column":4},"end":{"line":27,"column":5}},"type":"if","locations":[{"start":{"line":7,"column":4},"end":{"line":27,"column":5}},{"start":{"line":7,"column":4},"end":{"line":27,"column":5}}],"line":7},"1":{"loc":{"start":{"line":14,"column":6},"end":{"line":26,"column":7}},"type":"if","locations":[{"start":{"line":14,"column":6},"end":{"line":26,"column":7}},{"start":{"line":14,"column":6},"end":{"line":26,"column":7}}],"line":14},"2":{"loc":{"start":{"line":16,"column":8},"end":{"line":22,"column":9}},"type":"if","locations":[{"start":{"line":16,"column":8},"end":{"line":22,"column":9}},{"start":{"line":16,"column":8},"end":{"line":22,"column":9}}],"line":16}},"s":{"0":2,"1":2,"2":9,"3":9,"4":2,"5":7,"6":7,"7":7,"8":7,"9":7,"10":7,"11":0,"12":0,"13":2,"14":2,"15":2},"f":{"0":9},"b":{"0":[2,7],"1":[7,0],"2":[7,0]},"_coverageSchema":"1a1c01bbd47fc00a2c39e90264f33305004495a9","hash":"d2a546aa4b914df85c728f55cd81f5398d6aaf01"}
,"D:\\Phase-3\\final-project\\final-project\\middlewares\\authorization.js": {"path":"D:\\Phase-3\\final-project\\final-project\\middlewares\\authorization.js","statementMap":{"0":{"start":{"line":1,"column":21},"end":{"line":1,"column":41}},"1":{"start":{"line":4,"column":2},"end":{"line":25,"column":3}},"2":{"start":{"line":5,"column":17},"end":{"line":5,"column":55}},"3":{"start":{"line":6,"column":4},"end":{"line":10,"column":5}},"4":{"start":{"line":7,"column":6},"end":{"line":9,"column":7}},"5":{"start":{"line":12,"column":4},"end":{"line":19,"column":5}},"6":{"start":{"line":13,"column":6},"end":{"line":15,"column":8}},"7":{"start":{"line":18,"column":6},"end":{"line":18,"column":12}},"8":{"start":{"line":20,"column":4},"end":{"line":20,"column":13}},"9":{"start":{"line":23,"column":4},"end":{"line":23,"column":20}},"10":{"start":{"line":24,"column":4},"end":{"line":24,"column":13}},"11":{"start":{"line":28,"column":0},"end":{"line":28,"column":30}}},"fnMap":{"0":{"name":"Authorization","decl":{"start":{"line":3,"column":15},"end":{"line":3,"column":28}},"loc":{"start":{"line":3,"column":45},"end":{"line":26,"column":1}},"line":3}},"branchMap":{"0":{"loc":{"start":{"line":6,"column":4},"end":{"line":10,"column":5}},"type":"if","locations":[{"start":{"line":6,"column":4},"end":{"line":10,"column":5}},{"start":{"line":6,"column":4},"end":{"line":10,"column":5}}],"line":6},"1":{"loc":{"start":{"line":12,"column":4},"end":{"line":19,"column":5}},"type":"if","locations":[{"start":{"line":12,"column":4},"end":{"line":19,"column":5}},{"start":{"line":12,"column":4},"end":{"line":19,"column":5}}],"line":12}},"s":{"0":2,"1":3,"2":3,"3":3,"4":1,"5":2,"6":1,"7":1,"8":2,"9":3,"10":3,"11":2},"f":{"0":3},"b":{"0":[1,2],"1":[1,1]},"_coverageSchema":"1a1c01bbd47fc00a2c39e90264f33305004495a9","hash":"1e222b273991e3432f9466877700cbbf82652764"}
,"D:\\Phase-3\\final-project\\final-project\\middlewares\\errorHandler.js": {"path":"D:\\Phase-3\\final-project\\final-project\\middlewares\\errorHandler.js","statementMap":{"0":{"start":{"line":2,"column":2},"end":{"line":17,"column":3}},"1":{"start":{"line":3,"column":4},"end":{"line":5,"column":6}},"2":{"start":{"line":7,"column":7},"end":{"line":17,"column":3}},"3":{"start":{"line":8,"column":4},"end":{"line":8,"column":56}},"4":{"start":{"line":10,"column":7},"end":{"line":17,"column":3}},"5":{"start":{"line":11,"column":4},"end":{"line":13,"column":6}},"6":{"start":{"line":15,"column":7},"end":{"line":17,"column":3}},"7":{"start":{"line":16,"column":4},"end":{"line":16,"column":29}},"8":{"start":{"line":20,"column":0},"end":{"line":20,"column":30}}},"fnMap":{"0":{"name":"errorHandler","decl":{"start":{"line":1,"column":9},"end":{"line":1,"column":21}},"loc":{"start":{"line":1,"column":43},"end":{"line":18,"column":1}},"line":1}},"branchMap":{"0":{"loc":{"start":{"line":2,"column":2},"end":{"line":17,"column":3}},"type":"if","locations":[{"start":{"line":2,"column":2},"end":{"line":17,"column":3}},{"start":{"line":2,"column":2},"end":{"line":17,"column":3}}],"line":2},"1":{"loc":{"start":{"line":7,"column":7},"end":{"line":17,"column":3}},"type":"if","locations":[{"start":{"line":7,"column":7},"end":{"line":17,"column":3}},{"start":{"line":7,"column":7},"end":{"line":17,"column":3}}],"line":7},"2":{"loc":{"start":{"line":10,"column":7},"end":{"line":17,"column":3}},"type":"if","locations":[{"start":{"line":10,"column":7},"end":{"line":17,"column":3}},{"start":{"line":10,"column":7},"end":{"line":17,"column":3}}],"line":10},"3":{"loc":{"start":{"line":15,"column":7},"end":{"line":17,"column":3}},"type":"if","locations":[{"start":{"line":15,"column":7},"end":{"line":17,"column":3}},{"start":{"line":15,"column":7},"end":{"line":17,"column":3}}],"line":15}},"s":{"0":8,"1":2,"2":6,"3":1,"4":5,"5":1,"6":4,"7":2,"8":2},"f":{"0":8},"b":{"0":[2,6],"1":[1,5],"2":[1,4],"3":[2,2]},"_coverageSchema":"1a1c01bbd47fc00a2c39e90264f33305004495a9","hash":"786823cb6cf80859ff384fc5e981c8dfced8e263"}
,"D:\\Phase-3\\final-project\\final-project\\models\\index.js": {"path":"D:\\Phase-3\\final-project\\final-project\\models\\index.js","statementMap":{"0":{"start":{"line":3,"column":11},"end":{"line":3,"column":24}},"1":{"start":{"line":4,"column":13},"end":{"line":4,"column":28}},"2":{"start":{"line":5,"column":18},"end":{"line":5,"column":38}},"3":{"start":{"line":6,"column":17},"end":{"line":6,"column":42}},"4":{"start":{"line":7,"column":12},"end":{"line":7,"column":49}},"5":{"start":{"line":8,"column":15},"end":{"line":8,"column":65}},"6":{"start":{"line":9,"column":11},"end":{"line":9,"column":13}},"7":{"start":{"line":12,"column":0},"end":{"line":16,"column":1}},"8":{"start":{"line":13,"column":2},"end":{"line":13,"column":74}},"9":{"start":{"line":15,"column":2},"end":{"line":15,"column":87}},"10":{"start":{"line":18,"column":0},"end":{"line":26,"column":5}},"11":{"start":{"line":21,"column":4},"end":{"line":21,"column":90}},"12":{"start":{"line":24,"column":18},"end":{"line":24,"column":85}},"13":{"start":{"line":25,"column":4},"end":{"line":25,"column":27}},"14":{"start":{"line":28,"column":0},"end":{"line":32,"column":3}},"15":{"start":{"line":29,"column":2},"end":{"line":31,"column":3}},"16":{"start":{"line":30,"column":4},"end":{"line":30,"column":32}},"17":{"start":{"line":34,"column":0},"end":{"line":34,"column":25}},"18":{"start":{"line":35,"column":0},"end":{"line":35,"column":25}},"19":{"start":{"line":37,"column":0},"end":{"line":37,"column":20}}},"fnMap":{"0":{"name":"(anonymous_0)","decl":{"start":{"line":20,"column":10},"end":{"line":20,"column":11}},"loc":{"start":{"line":20,"column":18},"end":{"line":22,"column":3}},"line":20},"1":{"name":"(anonymous_1)","decl":{"start":{"line":23,"column":11},"end":{"line":23,"column":12}},"loc":{"start":{"line":23,"column":19},"end":{"line":26,"column":3}},"line":23},"2":{"name":"(anonymous_2)","decl":{"start":{"line":28,"column":24},"end":{"line":28,"column":25}},"loc":{"start":{"line":28,"column":37},"end":{"line":32,"column":1}},"line":28}},"branchMap":{"0":{"loc":{"start":{"line":7,"column":12},"end":{"line":7,"column":49}},"type":"binary-expr","locations":[{"start":{"line":7,"column":12},"end":{"line":7,"column":32}},{"start":{"line":7,"column":36},"end":{"line":7,"column":49}}],"line":7},"1":{"loc":{"start":{"line":12,"column":0},"end":{"line":16,"column":1}},"type":"if","locations":[{"start":{"line":12,"column":0},"end":{"line":16,"column":1}},{"start":{"line":12,"column":0},"end":{"line":16,"column":1}}],"line":12},"2":{"loc":{"start":{"line":21,"column":11},"end":{"line":21,"column":89}},"type":"binary-expr","locations":[{"start":{"line":21,"column":12},"end":{"line":21,"column":35}},{"start":{"line":21,"column":41},"end":{"line":21,"column":58}},{"start":{"line":21,"column":64},"end":{"line":21,"column":88}}],"line":21},"3":{"loc":{"start":{"line":29,"column":2},"end":{"line":31,"column":3}},"type":"if","locations":[{"start":{"line":29,"column":2},"end":{"line":31,"column":3}},{"start":{"line":29,"column":2},"end":{"line":31,"column":3}}],"line":29}},"s":{"0":2,"1":2,"2":2,"3":2,"4":2,"5":2,"6":2,"7":2,"8":0,"9":2,"10":2,"11":6,"12":4,"13":4,"14":2,"15":4,"16":4,"17":2,"18":2,"19":2},"f":{"0":6,"1":4,"2":4},"b":{"0":[2,0],"1":[0,2],"2":[6,6,4],"3":[4,0]},"_coverageSchema":"1a1c01bbd47fc00a2c39e90264f33305004495a9","hash":"cf7d0c3b614d56e5a7aa2f786943501e3fb61c60"}
,"D:\\Phase-3\\final-project\\final-project\\models\\user.js": {"path":"D:\\Phase-3\\final-project\\final-project\\models\\user.js","statementMap":{"0":{"start":{"line":2,"column":15},"end":{"line":2,"column":34}},"1":{"start":{"line":3,"column":18},"end":{"line":3,"column":38}},"2":{"start":{"line":4,"column":0},"end":{"line":39,"column":2}},"3":{"start":{"line":13,"column":6},"end":{"line":13,"column":36}},"4":{"start":{"line":16,"column":2},"end":{"line":37,"column":4}},"5":{"start":{"line":32,"column":21},"end":{"line":32,"column":43}},"6":{"start":{"line":33,"column":10},"end":{"line":33,"column":62}},"7":{"start":{"line":38,"column":2},"end":{"line":38,"column":14}}},"fnMap":{"0":{"name":"(anonymous_0)","decl":{"start":{"line":4,"column":17},"end":{"line":4,"column":18}},"loc":{"start":{"line":4,"column":43},"end":{"line":39,"column":1}},"line":4},"1":{"name":"(anonymous_1)","decl":{"start":{"line":11,"column":4},"end":{"line":11,"column":5}},"loc":{"start":{"line":11,"column":29},"end":{"line":14,"column":5}},"line":11},"2":{"name":"(anonymous_2)","decl":{"start":{"line":31,"column":8},"end":{"line":31,"column":9}},"loc":{"start":{"line":31,"column":27},"end":{"line":34,"column":9}},"line":31}},"branchMap":{},"s":{"0":2,"1":2,"2":2,"3":2,"4":2,"5":3,"6":3,"7":2},"f":{"0":2,"1":2,"2":3},"b":{},"_coverageSchema":"1a1c01bbd47fc00a2c39e90264f33305004495a9","hash":"1138bcdb3c03b1de236833619a04d84a62d93582"}
,"D:\\Phase-3\\final-project\\final-project\\models\\userpost.js": {"path":"D:\\Phase-3\\final-project\\final-project\\models\\userpost.js","statementMap":{"0":{"start":{"line":2,"column":18},"end":{"line":2,"column":38}},"1":{"start":{"line":3,"column":0},"end":{"line":43,"column":2}},"2":{"start":{"line":12,"column":6},"end":{"line":12,"column":38}},"3":{"start":{"line":15,"column":2},"end":{"line":41,"column":4}},"4":{"start":{"line":42,"column":2},"end":{"line":42,"column":18}}},"fnMap":{"0":{"name":"(anonymous_0)","decl":{"start":{"line":3,"column":17},"end":{"line":3,"column":18}},"loc":{"start":{"line":3,"column":43},"end":{"line":43,"column":1}},"line":3},"1":{"name":"(anonymous_1)","decl":{"start":{"line":10,"column":4},"end":{"line":10,"column":5}},"loc":{"start":{"line":10,"column":29},"end":{"line":13,"column":5}},"line":10}},"branchMap":{},"s":{"0":2,"1":2,"2":2,"3":2,"4":2},"f":{"0":2,"1":2},"b":{},"_coverageSchema":"1a1c01bbd47fc00a2c39e90264f33305004495a9","hash":"a156e37f4426bffd752afb968071216997962b12"}
,"D:\\Phase-3\\final-project\\final-project\\routes\\index.js": {"path":"D:\\Phase-3\\final-project\\final-project\\routes\\index.js","statementMap":{"0":{"start":{"line":1,"column":15},"end":{"line":1,"column":42}},"1":{"start":{"line":2,"column":19},"end":{"line":2,"column":55}},"2":{"start":{"line":3,"column":23},"end":{"line":3,"column":63}},"3":{"start":{"line":4,"column":22},"end":{"line":4,"column":61}},"4":{"start":{"line":6,"column":0},"end":{"line":6,"column":39}},"5":{"start":{"line":7,"column":0},"end":{"line":7,"column":43}},"6":{"start":{"line":8,"column":0},"end":{"line":8,"column":57}},"7":{"start":{"line":9,"column":0},"end":{"line":9,"column":64}},"8":{"start":{"line":10,"column":0},"end":{"line":10,"column":60}},"9":{"start":{"line":11,"column":0},"end":{"line":11,"column":82}},"10":{"start":{"line":16,"column":0},"end":{"line":16,"column":23}}},"fnMap":{},"branchMap":{},"s":{"0":2,"1":2,"2":2,"3":2,"4":2,"5":2,"6":2,"7":2,"8":2,"9":2,"10":2},"f":{},"b":{},"_coverageSchema":"1a1c01bbd47fc00a2c39e90264f33305004495a9","hash":"11955aebc8ee6afd64a763f31ff4589064be25fc"}
}
