TN:
SF:app.js
FNF:0
FNH:0
DA:1,2
DA:2,2
DA:3,2
DA:4,2
DA:5,2
DA:6,2
DA:7,2
DA:9,2
DA:10,2
DA:11,2
DA:13,2
DA:14,2
DA:20,2
LF:13
LH:13
BRF:0
BRH:0
end_of_record
TN:
SF:controllers\Controller.js
FN:7,(anonymous_0)
FN:14,(anonymous_1)
FN:44,(anonymous_2)
FN:49,(anonymous_3)
FN:51,(anonymous_4)
FN:56,(anonymous_5)
FN:58,(anonymous_6)
FN:64,(anonymous_7)
FN:68,(anonymous_8)
FN:78,(anonymous_9)
FN:83,(anonymous_10)
FN:91,(anonymous_11)
FN:97,(anonymous_12)
FN:103,(anonymous_13)
FN:110,(anonymous_14)
FN:115,(anonymous_15)
FNF:16
FNH:14
FNDA:3,(anonymous_0)
FNDA:3,(anonymous_1)
FNDA:2,(anonymous_2)
FNDA:1,(anonymous_3)
FNDA:1,(anonymous_4)
FNDA:1,(anonymous_5)
FNDA:1,(anonymous_6)
FNDA:1,(anonymous_7)
FNDA:1,(anonymous_8)
FNDA:0,(anonymous_9)
FNDA:2,(anonymous_10)
FNDA:1,(anonymous_11)
FNDA:1,(anonymous_12)
FNDA:1,(anonymous_13)
FNDA:1,(anonymous_14)
FNDA:0,(anonymous_15)
DA:1,2
DA:2,2
DA:3,2
DA:8,3
DA:9,3
DA:15,3
DA:16,3
DA:17,1
DA:18,1
DA:23,2
DA:24,2
DA:25,2
DA:26,1
DA:30,1
DA:31,1
DA:35,1
DA:36,1
DA:45,2
DA:50,1
DA:52,1
DA:57,1
DA:59,1
DA:60,1
DA:65,1
DA:69,1
DA:70,1
DA:73,0
DA:79,0
DA:84,2
DA:85,2
DA:92,1
DA:98,1
DA:99,1
DA:104,1
DA:105,1
DA:111,1
DA:116,0
DA:121,2
LF:38
LH:35
BRDA:16,0,0,1
BRDA:16,0,1,2
BRDA:25,1,0,1
BRDA:25,1,1,1
BRDA:69,2,0,1
BRDA:69,2,1,0
BRF:6
BRH:5
end_of_record
TN:
SF:middlewares\authentication.js
FN:4,authentication
FNF:1
FNH:1
FNDA:9,authentication
DA:1,2
DA:2,2
DA:6,9
DA:7,9
DA:8,2
DA:13,7
DA:14,7
DA:15,7
DA:16,7
DA:17,7
DA:18,7
DA:21,0
DA:25,0
DA:30,2
DA:31,2
DA:36,2
LF:16
LH:14
BRDA:7,0,0,2
BRDA:7,0,1,7
BRDA:14,1,0,7
BRDA:14,1,1,0
BRDA:16,2,0,7
BRDA:16,2,1,0
BRF:6
BRH:4
end_of_record
TN:
SF:middlewares\authorization.js
FN:3,Authorization
FNF:1
FNH:1
FNDA:3,Authorization
DA:1,2
DA:4,3
DA:5,3
DA:6,3
DA:7,1
DA:12,2
DA:13,1
DA:18,1
DA:20,2
DA:23,3
DA:24,3
DA:28,2
LF:12
LH:12
BRDA:6,0,0,1
BRDA:6,0,1,2
BRDA:12,1,0,1
BRDA:12,1,1,1
BRF:4
BRH:4
end_of_record
TN:
SF:middlewares\errorHandler.js
FN:1,errorHandler
FNF:1
FNH:1
FNDA:8,errorHandler
DA:2,8
DA:3,2
DA:7,6
DA:8,1
DA:10,5
DA:11,1
DA:15,4
DA:16,2
DA:20,2
LF:9
LH:9
BRDA:2,0,0,2
BRDA:2,0,1,6
BRDA:7,1,0,1
BRDA:7,1,1,5
BRDA:10,2,0,1
BRDA:10,2,1,4
BRDA:15,3,0,2
BRDA:15,3,1,2
BRF:8
BRH:8
end_of_record
TN:
SF:models\index.js
FN:20,(anonymous_0)
FN:23,(anonymous_1)
FN:28,(anonymous_2)
FNF:3
FNH:3
FNDA:6,(anonymous_0)
FNDA:4,(anonymous_1)
FNDA:4,(anonymous_2)
DA:3,2
DA:4,2
DA:5,2
DA:6,2
DA:7,2
DA:8,2
DA:9,2
DA:12,2
DA:13,0
DA:15,2
DA:18,2
DA:21,6
DA:24,4
DA:25,4
DA:28,2
DA:29,4
DA:30,4
DA:34,2
DA:35,2
DA:37,2
LF:20
LH:19
BRDA:7,0,0,2
BRDA:7,0,1,0
BRDA:12,1,0,0
BRDA:12,1,1,2
BRDA:21,2,0,6
BRDA:21,2,1,6
BRDA:21,2,2,4
BRDA:29,3,0,4
BRDA:29,3,1,0
BRF:9
BRH:6
end_of_record
TN:
SF:models\user.js
FN:4,(anonymous_0)
FN:11,(anonymous_1)
FN:31,(anonymous_2)
FNF:3
FNH:3
FNDA:2,(anonymous_0)
FNDA:2,(anonymous_1)
FNDA:3,(anonymous_2)
DA:2,2
DA:3,2
DA:4,2
DA:13,2
DA:16,2
DA:32,3
DA:33,3
DA:38,2
LF:8
LH:8
BRF:0
BRH:0
end_of_record
TN:
SF:models\userpost.js
FN:3,(anonymous_0)
FN:10,(anonymous_1)
FNF:2
FNH:2
FNDA:2,(anonymous_0)
FNDA:2,(anonymous_1)
DA:2,2
DA:3,2
DA:12,2
DA:15,2
DA:42,2
LF:5
LH:5
BRF:0
BRH:0
end_of_record
TN:
SF:routes\index.js
FNF:0
FNH:0
DA:1,2
DA:2,2
DA:3,2
DA:4,2
DA:6,2
DA:7,2
DA:8,2
DA:9,2
DA:10,2
DA:11,2
DA:16,2
LF:11
LH:11
BRF:0
BRH:0
end_of_record
