TN:
SF:app.js
FNF:0
FNH:0
DA:1,2
DA:2,2
DA:3,2
DA:4,2
DA:5,2
DA:6,2
DA:7,2
DA:9,2
DA:10,2
DA:11,2
DA:13,2
DA:14,2
DA:20,2
LF:13
LH:13
BRF:0
BRH:0
end_of_record
TN:
SF:controllers\Controller.js
FN:7,(anonymous_0)
FN:14,(anonymous_1)
FN:40,(anonymous_2)
FN:45,(anonymous_3)
FN:47,(anonymous_4)
FN:50,(anonymous_5)
FN:55,(anonymous_6)
FN:57,(anonymous_7)
FN:60,(anonymous_8)
FN:65,(anonymous_9)
FN:69,(anonymous_10)
FN:79,(anonymous_11)
FN:84,(anonymous_12)
FN:92,(anonymous_13)
FN:98,(anonymous_14)
FN:103,(anonymous_15)
FN:110,(anonymous_16)
FN:115,(anonymous_17)
FNF:18
FNH:14
FNDA:3,(anonymous_0)
FNDA:3,(anonymous_1)
FNDA:2,(anonymous_2)
FNDA:1,(anonymous_3)
FNDA:1,(anonymous_4)
FNDA:0,(anonymous_5)
FNDA:1,(anonymous_6)
FNDA:1,(anonymous_7)
FNDA:0,(anonymous_8)
FNDA:1,(anonymous_9)
FNDA:1,(anonymous_10)
FNDA:0,(anonymous_11)
FNDA:2,(anonymous_12)
FNDA:1,(anonymous_13)
FNDA:1,(anonymous_14)
FNDA:1,(anonymous_15)
FNDA:1,(anonymous_16)
FNDA:0,(anonymous_17)
DA:1,2
DA:2,2
DA:3,2
DA:8,3
DA:9,3
DA:15,3
DA:16,1
DA:21,2
DA:22,2
DA:23,1
DA:27,1
DA:31,1
DA:32,1
DA:41,2
DA:46,1
DA:48,1
DA:51,0
DA:56,1
DA:58,1
DA:61,0
DA:66,1
DA:70,1
DA:71,1
DA:74,0
DA:80,0
DA:85,2
DA:86,2
DA:93,1
DA:99,1
DA:104,1
DA:105,1
DA:111,1
DA:116,0
DA:121,2
LF:34
LH:29
BRDA:15,0,0,1
BRDA:15,0,1,2
BRDA:22,1,0,1
BRDA:22,1,1,1
BRDA:70,2,0,1
BRDA:70,2,1,0
BRF:6
BRH:5
end_of_record
TN:
SF:middlewares\authentication.js
FN:4,authentication
FN:14,(anonymous_1)
FN:25,(anonymous_2)
FNF:3
FNH:2
FNDA:10,authentication
FNDA:7,(anonymous_1)
FNDA:0,(anonymous_2)
DA:1,2
DA:2,2
DA:5,10
DA:6,3
DA:9,7
DA:10,7
DA:11,7
DA:15,7
DA:16,7
DA:17,7
DA:20,0
DA:26,0
DA:30,0
DA:35,2
LF:14
LH:11
BRDA:5,0,0,3
BRDA:5,0,1,7
BRDA:15,1,0,7
BRDA:15,1,1,0
BRF:4
BRH:3
end_of_record
TN:
SF:middlewares\authorization.js
FN:3,Authorization
FN:6,(anonymous_1)
FN:23,(anonymous_2)
FNF:3
FNH:3
FNDA:3,Authorization
FNDA:3,(anonymous_1)
FNDA:2,(anonymous_2)
DA:1,2
DA:4,3
DA:5,3
DA:7,3
DA:8,2
DA:13,1
DA:14,1
DA:17,0
DA:24,2
DA:28,2
LF:10
LH:9
BRDA:7,0,0,2
BRDA:7,0,1,1
BRDA:13,1,0,1
BRDA:13,1,1,0
BRF:4
BRH:3
end_of_record
TN:
SF:middlewares\errorHandler.js
FN:1,errorHandler
FNF:1
FNH:0
FNDA:0,errorHandler
DA:2,0
DA:3,0
DA:7,0
DA:8,0
DA:14,2
LF:5
LH:1
BRDA:2,0,0,0
BRDA:2,0,1,0
BRDA:7,1,0,0
BRDA:7,1,1,0
BRF:4
BRH:0
end_of_record
TN:
SF:models\index.js
FN:20,(anonymous_0)
FN:23,(anonymous_1)
FN:28,(anonymous_2)
FNF:3
FNH:3
FNDA:6,(anonymous_0)
FNDA:4,(anonymous_1)
FNDA:4,(anonymous_2)
DA:3,2
DA:4,2
DA:5,2
DA:6,2
DA:7,2
DA:8,2
DA:9,2
DA:12,2
DA:13,0
DA:15,2
DA:18,2
DA:21,6
DA:24,4
DA:25,4
DA:28,2
DA:29,4
DA:30,4
DA:34,2
DA:35,2
DA:37,2
LF:20
LH:19
BRDA:7,0,0,2
BRDA:7,0,1,0
BRDA:12,1,0,0
BRDA:12,1,1,2
BRDA:21,2,0,6
BRDA:21,2,1,6
BRDA:21,2,2,4
BRDA:29,3,0,4
BRDA:29,3,1,0
BRF:9
BRH:6
end_of_record
TN:
SF:models\user.js
FN:4,(anonymous_0)
FN:11,(anonymous_1)
FN:31,(anonymous_2)
FNF:3
FNH:3
FNDA:2,(anonymous_0)
FNDA:2,(anonymous_1)
FNDA:3,(anonymous_2)
DA:2,2
DA:3,2
DA:4,2
DA:13,2
DA:16,2
DA:32,3
DA:33,3
DA:38,2
LF:8
LH:8
BRF:0
BRH:0
end_of_record
TN:
SF:models\userpost.js
FN:3,(anonymous_0)
FN:10,(anonymous_1)
FNF:2
FNH:2
FNDA:2,(anonymous_0)
FNDA:2,(anonymous_1)
DA:2,2
DA:3,2
DA:12,2
DA:15,2
DA:42,2
LF:5
LH:5
BRF:0
BRH:0
end_of_record
TN:
SF:routes\index.js
FNF:0
FNH:0
DA:1,2
DA:2,2
DA:3,2
DA:4,2
DA:6,2
DA:7,2
DA:9,2
DA:10,2
DA:11,2
DA:12,2
DA:17,2
LF:11
LH:11
BRF:0
BRH:0
end_of_record
